<?xml version="1.0" encoding="UTF-8"?>
<testsuite name="MasterControlTest" tests="4" skipped="0" failures="0" errors="0" timestamp="2023-05-20T05:58:50" hostname="Hanzalas-MacBook-Air.local" time="0.022">
  <properties/>
  <testcase name="invalid_to_create_accounts_with_same_ID()" classname="MasterControlTest" time="0.018"/>
  <testcase name="typo_in_create_command_is_invalid()" classname="MasterControlTest" time="0.001"/>
  <testcase name="typo_in_deposit_command_is_invalid()" classname="MasterControlTest" time="0.001"/>
  <testcase name="two_typo_commands_both_invalid()" classname="MasterControlTest" time="0.001"/>
  <system-out><![CDATA[]]></system-out>
  <system-err><![CDATA[]]></system-err>
</testsuite>
